"C:\Program Files\JetBrains\CLion 2019.3.4\bin\cmake\win\bin\cmake.exe" -DCMAKE_BUILD_TYPE=Debug -G "CodeBlocks - MinGW Makefiles" C:\Users\tokar\OneDrive\Документы\GitHub\CourseraCPP\White_belt\ClassRational\Code
-- The C compiler identification is GNU 8.1.0
-- The CXX compiler identification is GNU 8.1.0
-- Check for working C compiler: C:/mingw-w64/x86_64-8.1.0-win32-seh-rt_v6-rev0/mingw64/bin/gcc.exe
-- Check for working C compiler: C:/mingw-w64/x86_64-8.1.0-win32-seh-rt_v6-rev0/mingw64/bin/gcc.exe -- broken
CMake Error at C:/Program Files/JetBrains/CLion 2019.3.4/bin/cmake/win/share/cmake-3.15/Modules/CMakeTestCCompiler.cmake:60 (message):
  The C compiler

    "C:/mingw-w64/x86_64-8.1.0-win32-seh-rt_v6-rev0/mingw64/bin/gcc.exe"

  is not able to compile a simple test program.

  It fails with the following output:

    Change Dir: C:/Users/tokar/OneDrive/Р”РѕРєСѓРјРµРЅС‚С‹/GitHub/CourseraCPP/White_belt/ClassRational/Code/cmake-build-debug/CMakeFiles/CMakeTmp
    
    Run Build Command(s):C:/mingw-w64/x86_64-8.1.0-win32-seh-rt_v6-rev0/mingw64/bin/mingw32-make.exe cmTC_80809/fast && C:/mingw-w64/x86_64-8.1.0-win32-seh-rt_v6-rev0/mingw64/bin/mingw32-make.exe -f CMakeFiles\cmTC_80809.dir\build.make CMakeFiles/cmTC_80809.dir/build
    mingw32-make.exe[1]: Entering directory 'C:/Users/tokar/OneDrive/в”ЂСЋСЉС”СЊС…СЌР„в€љ/GitHub/CourseraCPP/White_belt/ClassRational/Code/cmake-build-debug/CMakeFiles/CMakeTmp'
    Building C object CMakeFiles/cmTC_80809.dir/testCCompiler.c.obj
    C:\mingw-w64\x86_64-8.1.0-win32-seh-rt_v6-rev0\mingw64\bin\gcc.exe    -o CMakeFiles\cmTC_80809.dir\testCCompiler.c.obj   -c C:\Users\tokar\OneDrive\в•ЁР¤в•Ёв•›в•Ёв•‘в•¤Р“в•Ёв•ќв•Ёв•Ўв•Ёв•њв•¤Р’в•¤Р›\GitHub\CourseraCPP\White_belt\ClassRational\Code\cmake-build-debug\CMakeFiles\CMakeTmp\testCCompiler.c
    gcc.exe: error: C:\Users\tokar\OneDrive\в•ЁР¤в•Ёв•›в•Ёв•‘в•¤Р“в•Ёв•ќв•Ёв•Ўв•Ёв•њв•¤Р’в•¤Р›\GitHub\CourseraCPP\White_belt\ClassRational\Code\cmake-build-debug\CMakeFiles\CMakeTmp\testCCompiler.c: No such file or directory
    gcc.exe: fatal error: no input files
    compilation terminated.
    mingw32-make.exe[1]: *** [CMakeFiles\cmTC_80809.dir\build.make:65: CMakeFiles/cmTC_80809.dir/testCCompiler.c.obj] Error 1
    mingw32-make.exe[1]: Leaving directory 'C:/Users/tokar/OneDrive/в”ЂСЋСЉС”СЊС…СЌР„в€љ/GitHub/CourseraCPP/White_belt/ClassRational/Code/cmake-build-debug/CMakeFiles/CMakeTmp'
    mingw32-make.exe: *** [Makefile:120: cmTC_80809/fast] Error 2
    
    

  

  CMake will not be able to correctly generate this project.
Call Stack (most recent call first):
  CMakeLists.txt:2 (project)


-- Configuring incomplete, errors occurred!
See also "C:/Users/tokar/OneDrive/Р”РѕРєСѓРјРµРЅС‚С‹/GitHub/CourseraCPP/White_belt/ClassRational/Code/cmake-build-debug/CMakeFiles/CMakeOutput.log".
See also "C:/Users/tokar/OneDrive/Р”РѕРєСѓРјРµРЅС‚С‹/GitHub/CourseraCPP/White_belt/ClassRational/Code/cmake-build-debug/CMakeFiles/CMakeError.log".
